#
# There is insufficient memory for the Java Runtime Environment to continue.
# Native memory allocation (malloc) failed to allocate 32744 bytes for ChunkPool::allocate
# Possible reasons:
#   The system is out of physical RAM or swap space
#   The process is running with CompressedOops enabled, and the Java Heap may be blocking the growth of the native heap
# Possible solutions:
#   Reduce memory load on the system
#   Increase physical memory or swap space
#   Check if swap backing store is full
#   Decrease Java heap size (-Xmx/-Xms)
#   Decrease number of Java threads
#   Decrease Java thread stack sizes (-Xss)
#   Set larger code cache with -XX:ReservedCodeCacheSize=
#   JVM is running with Unscaled Compressed Oops mode in which the Java heap is
#     placed in the first 4GB address space. The Java Heap base address is the
#     maximum limit for the native heap growth. Please use -XX:HeapBaseMinAddress
#     to set the Java Heap base and to place the Java Heap above 4GB virtual address.
# This output file may be truncated or incomplete.
#
#  Out of Memory Error (./src/hotspot/share/memory/arena.cpp:81), pid=5412, tid=9596
#
# JRE version: OpenJDK Runtime Environment (11.0.10) (build 11.0.10+0-b96-7249189)
# Java VM: OpenJDK 64-Bit Server VM (11.0.10+0-b96-7249189, mixed mode, tiered, compressed oops, g1 gc, windows-amd64)
# No core dump will be written. Minidumps are not enabled by default on client versions of Windows
#

---------------  S U M M A R Y ------------

Command Line: --add-opens=java.base/java.util=ALL-UNNAMED --add-opens=java.base/java.lang=ALL-UNNAMED --add-opens=java.base/java.lang.invoke=ALL-UNNAMED --add-opens=java.base/java.util=ALL-UNNAMED --add-opens=java.prefs/java.util.prefs=ALL-UNNAMED --add-opens=java.prefs/java.util.prefs=ALL-UNNAMED --add-opens=java.base/java.nio.charset=ALL-UNNAMED --add-opens=java.base/java.net=ALL-UNNAMED --add-opens=java.base/java.util.concurrent.atomic=ALL-UNNAMED -Xmx2048m -Dfile.encoding=UTF-8 -Duser.country=FR -Duser.language=fr -Duser.variant org.gradle.launcher.daemon.bootstrap.GradleDaemon 7.0.2

Host: Intel(R) Core(TM) i5-7200U CPU @ 2.50GHz, 4 cores, 7G,  Windows 10 , 64 bit Build 19041 (10.0.19041.1466)
Time: Sun Feb  6 20:34:55 2022 Maroc (heure d’été) elapsed time: 90.897283 seconds (0d 0h 1m 30s)

---------------  T H R E A D  ---------------

Current thread (0x00000242e1ca3800):  JavaThread "C2 CompilerThread0" daemon [_thread_in_native, id=9596, stack(0x0000009032500000,0x0000009032600000)]


Current CompileTask:
C2:  90897 9968       4       com.android.utils.XmlUtils::append (647 bytes)

Stack: [0x0000009032500000,0x0000009032600000]
Native frames: (J=compiled Java code, j=interpreted, Vv=VM code, C=native code)
V  [jvm.dll+0x5ecfaa]
V  [jvm.dll+0x722bd5]
V  [jvm.dll+0x72412d]
V  [jvm.dll+0x7247e3]
V  [jvm.dll+0x242928]
V  [jvm.dll+0xbc75b]
V  [jvm.dll+0xbca0c]
V  [jvm.dll+0x358676]
V  [jvm.dll+0x357ef1]
V  [jvm.dll+0x357f34]
V  [jvm.dll+0x4e9d44]
V  [jvm.dll+0x4ea769]
V  [jvm.dll+0x320b02]
V  [jvm.dll+0x31ffca]
V  [jvm.dll+0x1fb602]
V  [jvm.dll+0x1fa7f4]
V  [jvm.dll+0x18354c]
V  [jvm.dll+0x208ee7]
V  [jvm.dll+0x207731]
V  [jvm.dll+0x6eb1cf]
V  [jvm.dll+0x6e3d45]
V  [jvm.dll+0x5ebe96]
C  [ucrtbase.dll+0x21bb2]
C  [KERNEL32.DLL+0x17034]
C  [ntdll.dll+0x52651]


---------------  P R O C E S S  ---------------

Threads class SMR info:
_java_thread_list=0x00000242e66d5ea0, length=51, elements={
0x00000242c80ae800, 0x00000242e1c80800, 0x00000242e1c8e000, 0x00000242e1c9c000,
0x00000242e1c9e800, 0x00000242e1ca0800, 0x00000242e1ca3800, 0x00000242e1ca8800,
0x00000242e1cb0000, 0x00000242e277a800, 0x00000242e2f67800, 0x00000242e4a06000,
0x00000242e4963800, 0x00000242e531e800, 0x00000242e4f2f000, 0x00000242e4e8a800,
0x00000242e5225000, 0x00000242e5209000, 0x00000242e4f20800, 0x00000242e4f1d800,
0x00000242e4f1e000, 0x00000242e4f1b000, 0x00000242e4f21800, 0x00000242e4f20000,
0x00000242e4f1b800, 0x00000242e4f1c800, 0x00000242e4f1f000, 0x00000242e5f7a000,
0x00000242e5f7b800, 0x00000242e5f7d800, 0x00000242e5f78800, 0x00000242e5f7c800,
0x00000242e615c000, 0x00000242e6157000, 0x00000242e615a800, 0x00000242e615e800,
0x00000242e615d000, 0x00000242e615d800, 0x00000242e6158800, 0x00000242e615b000,
0x00000242e6161000, 0x00000242e6160000, 0x00000242e6162800, 0x00000242e6163800,
0x00000242e6161800, 0x00000242e6164000, 0x00000242e5f79000, 0x00000242e615f000,
0x00000242e6906800, 0x00000242e6904000, 0x00000242e6904800
}

Java Threads: ( => current thread )
  0x00000242c80ae800 JavaThread "main" [_thread_blocked, id=9780, stack(0x0000009031900000,0x0000009031a00000)]
  0x00000242e1c80800 JavaThread "Reference Handler" daemon [_thread_blocked, id=9484, stack(0x0000009032000000,0x0000009032100000)]
  0x00000242e1c8e000 JavaThread "Finalizer" daemon [_thread_blocked, id=11400, stack(0x0000009032100000,0x0000009032200000)]
  0x00000242e1c9c000 JavaThread "Signal Dispatcher" daemon [_thread_blocked, id=11200, stack(0x0000009032200000,0x0000009032300000)]
  0x00000242e1c9e800 JavaThread "Attach Listener" daemon [_thread_blocked, id=16176, stack(0x0000009032300000,0x0000009032400000)]
  0x00000242e1ca0800 JavaThread "Service Thread" daemon [_thread_blocked, id=15308, stack(0x0000009032400000,0x0000009032500000)]
=>0x00000242e1ca3800 JavaThread "C2 CompilerThread0" daemon [_thread_in_native, id=9596, stack(0x0000009032500000,0x0000009032600000)]
  0x00000242e1ca8800 JavaThread "C1 CompilerThread0" daemon [_thread_blocked, id=5932, stack(0x0000009032600000,0x0000009032700000)]
  0x00000242e1cb0000 JavaThread "Sweeper thread" daemon [_thread_blocked, id=6580, stack(0x0000009032700000,0x0000009032800000)]
  0x00000242e277a800 JavaThread "Common-Cleaner" daemon [_thread_blocked, id=10032, stack(0x0000009032800000,0x0000009032900000)]
  0x00000242e2f67800 JavaThread "Daemon health stats" [_thread_blocked, id=5140, stack(0x0000009032a00000,0x0000009032b00000)]
  0x00000242e4a06000 JavaThread "Incoming local TCP Connector on port 51617" [_thread_in_native, id=1420, stack(0x0000009032d00000,0x0000009032e00000)]
  0x00000242e4963800 JavaThread "Daemon periodic checks" [_thread_blocked, id=9792, stack(0x0000009032e00000,0x0000009032f00000)]
  0x00000242e531e800 JavaThread "Daemon" [_thread_blocked, id=11824, stack(0x0000009032f00000,0x0000009033000000)]
  0x00000242e4f2f000 JavaThread "Handler for socket connection from /127.0.0.1:51617 to /127.0.0.1:51618" [_thread_in_native, id=12252, stack(0x0000009033000000,0x0000009033100000)]
  0x00000242e4e8a800 JavaThread "Cancel handler" [_thread_blocked, id=12836, stack(0x0000009033100000,0x0000009033200000)]
  0x00000242e5225000 JavaThread "Daemon worker" [_thread_blocked, id=11120, stack(0x0000009033200000,0x0000009033300000)]
  0x00000242e5209000 JavaThread "Asynchronous log dispatcher for DefaultDaemonConnection: socket connection from /127.0.0.1:51617 to /127.0.0.1:51618" [_thread_blocked, id=12128, stack(0x0000009033300000,0x0000009033400000)]
  0x00000242e4f20800 JavaThread "Daemon client event forwarder" [_thread_blocked, id=13380, stack(0x0000009033500000,0x0000009033600000)]
  0x00000242e4f1d800 JavaThread "Cache worker for file hash cache (C:\Users\User\.gradle\caches\7.0.2\fileHashes)" [_thread_blocked, id=976, stack(0x0000009033600000,0x0000009033700000)]
  0x00000242e4f1e000 JavaThread "File lock request listener" [_thread_in_native, id=12204, stack(0x0000009033700000,0x0000009033800000)]
  0x00000242e4f1b000 JavaThread "Cache worker for journal cache (C:\Users\User\.gradle\caches\journal-1)" [_thread_blocked, id=15980, stack(0x0000009033900000,0x0000009033a00000)]
  0x00000242e4f21800 JavaThread "Cache worker for file hash cache (C:\Users\User\AndroidStudioProjects\ExplorationdesFichiers\.gradle\7.0.2\fileHashes)" [_thread_blocked, id=1360, stack(0x0000009033a00000,0x0000009033b00000)]
  0x00000242e4f20000 JavaThread "File watcher server" daemon [_thread_in_native, id=7876, stack(0x0000009033b00000,0x0000009033c00000)]
  0x00000242e4f1b800 JavaThread "File watcher consumer" daemon [_thread_blocked, id=3300, stack(0x0000009033c00000,0x0000009033d00000)]
  0x00000242e4f1c800 JavaThread "Cache worker for checksums cache (C:\Users\User\AndroidStudioProjects\ExplorationdesFichiers\.gradle\checksums)" [_thread_blocked, id=15612, stack(0x0000009033d00000,0x0000009033e00000)]
  0x00000242e4f1f000 JavaThread "Cache worker for cache directory md-supplier (C:\Users\User\.gradle\caches\7.0.2\md-supplier)" [_thread_blocked, id=5632, stack(0x0000009033e00000,0x0000009033f00000)]
  0x00000242e5f7a000 JavaThread "Cache worker for cache directory md-rule (C:\Users\User\.gradle\caches\7.0.2\md-rule)" [_thread_blocked, id=14900, stack(0x0000009034000000,0x0000009034100000)]
  0x00000242e5f7b800 JavaThread "Cache worker for execution history cache (C:\Users\User\.gradle\caches\7.0.2\executionHistory)" [_thread_blocked, id=15852, stack(0x0000009033f00000,0x0000009034000000)]
  0x00000242e5f7d800 JavaThread "jar transforms" [_thread_blocked, id=10184, stack(0x0000009034100000,0x0000009034200000)]
  0x00000242e5f78800 JavaThread "jar transforms Thread 2" [_thread_blocked, id=11216, stack(0x0000009034200000,0x0000009034300000)]
  0x00000242e5f7c800 JavaThread "Cache worker for file content cache (C:\Users\User\.gradle\caches\7.0.2\fileContent)" [_thread_blocked, id=12884, stack(0x0000009034300000,0x0000009034400000)]
  0x00000242e615c000 JavaThread "Cache worker for dependencies-accessors (C:\Users\User\AndroidStudioProjects\ExplorationdesFichiers\.gradle\7.0.2\dependencies-accessors)" [_thread_blocked, id=1320, stack(0x0000009034500000,0x0000009034600000)]
  0x00000242e6157000 JavaThread "jar transforms Thread 3" [_thread_blocked, id=13616, stack(0x0000009034600000,0x0000009034700000)]
  0x00000242e615a800 JavaThread "Cache worker for Build Output Cleanup Cache (C:\Users\User\AndroidStudioProjects\ExplorationdesFichiers\.gradle\buildOutputCleanup)" [_thread_blocked, id=9548, stack(0x0000009034400000,0x0000009034500000)]
  0x00000242e615e800 JavaThread "Build operations" [_thread_blocked, id=14528, stack(0x0000009034700000,0x0000009034800000)]
  0x00000242e615d000 JavaThread "Build operations Thread 2" [_thread_blocked, id=11552, stack(0x0000009034800000,0x0000009034900000)]
  0x00000242e615d800 JavaThread "Build operations Thread 3" [_thread_blocked, id=15020, stack(0x0000009034900000,0x0000009034a00000)]
  0x00000242e6158800 JavaThread "Build operations Thread 4" [_thread_blocked, id=3756, stack(0x0000009034a00000,0x0000009034b00000)]
  0x00000242e615b000 JavaThread "jar transforms Thread 4" [_thread_blocked, id=7032, stack(0x0000009034b00000,0x0000009034c00000)]
  0x00000242e6161000 JavaThread "Memory manager" [_thread_blocked, id=9924, stack(0x0000009034e00000,0x0000009034f00000)]
  0x00000242e6160000 JavaThread "build event listener" [_thread_blocked, id=14036, stack(0x0000009031700000,0x0000009031800000)]
  0x00000242e6162800 JavaThread "Execution worker for ':'" [_thread_blocked, id=14772, stack(0x0000009031800000,0x0000009031900000)]
  0x00000242e6163800 JavaThread "Execution worker for ':' Thread 2" [_thread_blocked, id=14920, stack(0x0000009034f00000,0x0000009035000000)]
  0x00000242e6161800 JavaThread "Execution worker for ':' Thread 3" [_thread_blocked, id=6188, stack(0x0000009035000000,0x0000009035100000)]
  0x00000242e6164000 JavaThread "Cache worker for execution history cache (C:\Users\User\AndroidStudioProjects\ExplorationdesFichiers\.gradle\7.0.2\executionHistory)" [_thread_blocked, id=14596, stack(0x0000009035100000,0x0000009035200000)]
  0x00000242e5f79000 JavaThread "WorkerExecutor Queue" [_thread_blocked, id=592, stack(0x0000009031600000,0x0000009031700000)]
  0x00000242e615f000 JavaThread "WorkerExecutor Queue Thread 2" [_thread_blocked, id=8764, stack(0x0000009033400000,0x0000009033500000)]
  0x00000242e6906800 JavaThread "WorkerExecutor Queue Thread 3" [_thread_blocked, id=14432, stack(0x0000009035300000,0x0000009035400000)]
  0x00000242e6904000 JavaThread "C2 CompilerThread1" daemon [_thread_in_native, id=5260, stack(0x0000009035200000,0x0000009035300000)]
  0x00000242e6904800 JavaThread "WorkerExecutor Queue Thread 4" [_thread_in_vm, id=9384, stack(0x0000009035400000,0x0000009035500000)]

Other Threads:
  0x00000242e1c7c000 VMThread "VM Thread" [stack: 0x0000009031f00000,0x0000009032000000] [id=9724]
  0x00000242e27be800 WatcherThread [stack: 0x0000009032900000,0x0000009032a00000] [id=11776]
  0x00000242c80c7000 GCTaskThread "GC Thread#0" [stack: 0x0000009031a00000,0x0000009031b00000] [id=7328]
  0x00000242e2f54000 GCTaskThread "GC Thread#1" [stack: 0x0000009032b00000,0x0000009032c00000] [id=12308]
  0x00000242e2f54800 GCTaskThread "GC Thread#2" [stack: 0x0000009032c00000,0x0000009032d00000] [id=1444]
  0x00000242e5972800 GCTaskThread "GC Thread#3" [stack: 0x0000009033800000,0x0000009033900000] [id=13752]
  0x00000242c80f9800 ConcurrentGCThread "G1 Main Marker" [stack: 0x0000009031b00000,0x0000009031c00000] [id=4640]
  0x00000242c80fa800 ConcurrentGCThread "G1 Conc#0" [stack: 0x0000009031c00000,0x0000009031d00000] [id=6628]
  0x00000242c8188800 ConcurrentGCThread "G1 Refine#0" [stack: 0x0000009031d00000,0x0000009031e00000] [id=15252]
  0x00000242c8189800 ConcurrentGCThread "G1 Young RemSet Sampling" [stack: 0x0000009031e00000,0x0000009031f00000] [id=15008]

Threads with active compile tasks:
C2 CompilerThread0  91185 9968       4       com.android.utils.XmlUtils::append (647 bytes)
C2 CompilerThread1  91185 9919       4       com.android.ide.common.blame.MergingLogPersistUtil::lambda$normalize$0 (107 bytes)

VM state:not at safepoint (normal execution)

VM Mutex/Monitor currently owned by a thread: None

Heap address: 0x0000000080000000, size: 2048 MB, Compressed Oops mode: 32-bit
Narrow klass base: 0x0000000000000000, Narrow klass shift: 3
Compressed class space size: 1073741824 Address: 0x0000000100000000

Heap:
 garbage-first heap   total 131072K, used 106560K [0x0000000080000000, 0x0000000100000000)
  region size 1024K, 13 young (13312K), 2 survivors (2048K)
 Metaspace       used 82604K, capacity 84658K, committed 84992K, reserved 1122304K
  class space    used 10635K, capacity 11392K, committed 11520K, reserved 1048576K
Heap Regions: E=young(eden), S=young(survivor), O=old, HS=humongous(starts), HC=humongous(continues), CS=collection set, F=free, A=archive, TAMS=top-at-mark-start (previous, next)
|   0|0x0000000080000000, 0x0000000080100000, 0x0000000080100000|100%| O|  |TAMS 0x0000000080100000, 0x0000000080000000| Untracked 
|   1|0x0000000080100000, 0x0000000080200000, 0x0000000080200000|100%| O|  |TAMS 0x0000000080200000, 0x0000000080100000| Untracked 
|   2|0x0000000080200000, 0x0000000080300000, 0x0000000080300000|100%| O|  |TAMS 0x0000000080300000, 0x0000000080200000| Untracked 
|   3|0x0000000080300000, 0x0000000080400000, 0x0000000080400000|100%|HS|  |TAMS 0x0000000080400000, 0x0000000080300000| Complete 
|   4|0x0000000080400000, 0x0000000080500000, 0x0000000080500000|100%|HC|  |TAMS 0x0000000080500000, 0x0000000080400000| Complete 
|   5|0x0000000080500000, 0x0000000080600000, 0x0000000080600000|100%|HC|  |TAMS 0x0000000080600000, 0x0000000080500000| Complete 
|   6|0x0000000080600000, 0x0000000080700000, 0x0000000080700000|100%| O|  |TAMS 0x0000000080700000, 0x0000000080600000| Untracked 
|   7|0x0000000080700000, 0x0000000080800000, 0x0000000080800000|100%| O|  |TAMS 0x0000000080800000, 0x0000000080700000| Untracked 
|   8|0x0000000080800000, 0x0000000080900000, 0x0000000080900000|100%| O|  |TAMS 0x0000000080900000, 0x0000000080800000| Untracked 
|   9|0x0000000080900000, 0x0000000080a00000, 0x0000000080a00000|100%| O|  |TAMS 0x0000000080a00000, 0x0000000080900000| Untracked 
|  10|0x0000000080a00000, 0x0000000080b00000, 0x0000000080b00000|100%| O|  |TAMS 0x0000000080b00000, 0x0000000080a00000| Untracked 
|  11|0x0000000080b00000, 0x0000000080c00000, 0x0000000080c00000|100%| O|  |TAMS 0x0000000080c00000, 0x0000000080b00000| Untracked 
|  12|0x0000000080c00000, 0x0000000080d00000, 0x0000000080d00000|100%| O|  |TAMS 0x0000000080d00000, 0x0000000080c00000| Untracked 
|  13|0x0000000080d00000, 0x0000000080e00000, 0x0000000080e00000|100%| O|  |TAMS 0x0000000080e00000, 0x0000000080d00000| Untracked 
|  14|0x0000000080e00000, 0x0000000080f00000, 0x0000000080f00000|100%| O|  |TAMS 0x0000000080f00000, 0x0000000080e00000| Untracked 
|  15|0x0000000080f00000, 0x0000000081000000, 0x0000000081000000|100%| O|  |TAMS 0x0000000081000000, 0x0000000080f00000| Untracked 
|  16|0x0000000081000000, 0x0000000081100000, 0x0000000081100000|100%|HS|  |TAMS 0x0000000081100000, 0x0000000081000000| Complete 
|  17|0x0000000081100000, 0x0000000081200000, 0x0000000081200000|100%| O|  |TAMS 0x0000000081200000, 0x0000000081100000| Untracked 
|  18|0x0000000081200000, 0x0000000081300000, 0x0000000081300000|100%| O|  |TAMS 0x0000000081300000, 0x0000000081200000| Untracked 
|  19|0x0000000081300000, 0x0000000081400000, 0x0000000081400000|100%| O|  |TAMS 0x0000000081400000, 0x0000000081300000| Untracked 
|  20|0x0000000081400000, 0x0000000081500000, 0x0000000081500000|100%| O|  |TAMS 0x0000000081500000, 0x0000000081400000| Untracked 
|  21|0x0000000081500000, 0x0000000081600000, 0x0000000081600000|100%| O|  |TAMS 0x0000000081600000, 0x0000000081500000| Untracked 
|  22|0x0000000081600000, 0x0000000081700000, 0x0000000081700000|100%| O|  |TAMS 0x0000000081700000, 0x0000000081600000| Untracked 
|  23|0x0000000081700000, 0x0000000081800000, 0x0000000081800000|100%| O|  |TAMS 0x0000000081800000, 0x0000000081700000| Untracked 
|  24|0x0000000081800000, 0x0000000081900000, 0x0000000081900000|100%| O|  |TAMS 0x0000000081900000, 0x0000000081800000| Untracked 
|  25|0x0000000081900000, 0x0000000081a00000, 0x0000000081a00000|100%| O|  |TAMS 0x0000000081a00000, 0x0000000081900000| Untracked 
|  26|0x0000000081a00000, 0x0000000081b00000, 0x0000000081b00000|100%| O|  |TAMS 0x0000000081b00000, 0x0000000081a00000| Untracked 
|  27|0x0000000081b00000, 0x0000000081c00000, 0x0000000081c00000|100%|HS|  |TAMS 0x0000000081c00000, 0x0000000081b00000| Complete 
|  28|0x0000000081c00000, 0x0000000081d00000, 0x0000000081d00000|100%|HS|  |TAMS 0x0000000081d00000, 0x0000000081c00000| Complete 
|  29|0x0000000081d00000, 0x0000000081e00000, 0x0000000081e00000|100%|HC|  |TAMS 0x0000000081e00000, 0x0000000081d00000| Complete 
|  30|0x0000000081e00000, 0x0000000081f00000, 0x0000000081f00000|100%| O|  |TAMS 0x0000000081f00000, 0x0000000081e00000| Untracked 
|  31|0x0000000081f00000, 0x0000000082000000, 0x0000000082000000|100%| O|  |TAMS 0x0000000082000000, 0x0000000081f00000| Untracked 
|  32|0x0000000082000000, 0x0000000082100000, 0x0000000082100000|100%| O|  |TAMS 0x0000000082100000, 0x0000000082000000| Untracked 
|  33|0x0000000082100000, 0x0000000082200000, 0x0000000082200000|100%| O|  |TAMS 0x0000000082200000, 0x0000000082100000| Untracked 
|  34|0x0000000082200000, 0x0000000082300000, 0x0000000082300000|100%| O|  |TAMS 0x0000000082300000, 0x0000000082200000| Untracked 
|  35|0x0000000082300000, 0x0000000082400000, 0x0000000082400000|100%| O|  |TAMS 0x0000000082400000, 0x0000000082300000| Untracked 
|  36|0x0000000082400000, 0x0000000082500000, 0x0000000082500000|100%| O|  |TAMS 0x0000000082500000, 0x0000000082400000| Untracked 
|  37|0x0000000082500000, 0x0000000082600000, 0x0000000082600000|100%| O|  |TAMS 0x0000000082600000, 0x0000000082500000| Untracked 
|  38|0x0000000082600000, 0x0000000082700000, 0x0000000082700000|100%| O|  |TAMS 0x0000000082700000, 0x0000000082600000| Untracked 
|  39|0x0000000082700000, 0x0000000082800000, 0x0000000082800000|100%| O|  |TAMS 0x0000000082800000, 0x0000000082700000| Untracked 
|  40|0x0000000082800000, 0x0000000082900000, 0x0000000082900000|100%| O|  |TAMS 0x0000000082900000, 0x0000000082800000| Untracked 
|  41|0x0000000082900000, 0x0000000082a00000, 0x0000000082a00000|100%| O|  |TAMS 0x0000000082a00000, 0x0000000082900000| Untracked 
|  42|0x0000000082a00000, 0x0000000082b00000, 0x0000000082b00000|100%| O|  |TAMS 0x0000000082b00000, 0x0000000082a00000| Untracked 
|  43|0x0000000082b00000, 0x0000000082c00000, 0x0000000082c00000|100%| O|  |TAMS 0x0000000082c00000, 0x0000000082b00000| Untracked 
|  44|0x0000000082c00000, 0x0000000082d00000, 0x0000000082d00000|100%| O|  |TAMS 0x0000000082d00000, 0x0000000082c00000| Untracked 
|  45|0x0000000082d00000, 0x0000000082e00000, 0x0000000082e00000|100%| O|  |TAMS 0x0000000082e00000, 0x0000000082d00000| Untracked 
|  46|0x0000000082e00000, 0x0000000082f00000, 0x0000000082f00000|100%| O|  |TAMS 0x0000000082f00000, 0x0000000082e00000| Untracked 
|  47|0x0000000082f00000, 0x0000000083000000, 0x0000000083000000|100%| O|  |TAMS 0x0000000083000000, 0x0000000082f00000| Untracked 
|  48|0x0000000083000000, 0x0000000083100000, 0x0000000083100000|100%| O|  |TAMS 0x0000000083100000, 0x0000000083000000| Untracked 
|  49|0x0000000083100000, 0x0000000083200000, 0x0000000083200000|100%| O|  |TAMS 0x0000000083200000, 0x0000000083100000| Untracked 
|  50|0x0000000083200000, 0x0000000083300000, 0x0000000083300000|100%| O|  |TAMS 0x0000000083300000, 0x0000000083200000| Untracked 
|  51|0x0000000083300000, 0x0000000083400000, 0x0000000083400000|100%| O|  |TAMS 0x0000000083400000, 0x0000000083300000| Untracked 
|  52|0x0000000083400000, 0x0000000083500000, 0x0000000083500000|100%| O|  |TAMS 0x0000000083500000, 0x0000000083400000| Untracked 
|  53|0x0000000083500000, 0x0000000083600000, 0x0000000083600000|100%| O|  |TAMS 0x0000000083600000, 0x0000000083500000| Untracked 
|  54|0x0000000083600000, 0x0000000083700000, 0x0000000083700000|100%| O|  |TAMS 0x0000000083700000, 0x0000000083600000| Untracked 
|  55|0x0000000083700000, 0x0000000083800000, 0x0000000083800000|100%| O|  |TAMS 0x0000000083800000, 0x0000000083700000| Untracked 
|  56|0x0000000083800000, 0x0000000083900000, 0x0000000083900000|100%| O|  |TAMS 0x0000000083900000, 0x0000000083800000| Untracked 
|  57|0x0000000083900000, 0x0000000083a00000, 0x0000000083a00000|100%| O|  |TAMS 0x0000000083a00000, 0x0000000083900000| Untracked 
|  58|0x0000000083a00000, 0x0000000083b00000, 0x0000000083b00000|100%| O|  |TAMS 0x0000000083b00000, 0x0000000083a00000| Untracked 
|  59|0x0000000083b00000, 0x0000000083c00000, 0x0000000083c00000|100%| O|  |TAMS 0x0000000083c00000, 0x0000000083b00000| Untracked 
|  60|0x0000000083c00000, 0x0000000083d00000, 0x0000000083d00000|100%| O|  |TAMS 0x0000000083d00000, 0x0000000083c00000| Untracked 
|  61|0x0000000083d00000, 0x0000000083e00000, 0x0000000083e00000|100%| O|  |TAMS 0x0000000083e00000, 0x0000000083d00000| Untracked 
|  62|0x0000000083e00000, 0x0000000083f00000, 0x0000000083f00000|100%| O|  |TAMS 0x0000000083f00000, 0x0000000083e00000| Untracked 
|  63|0x0000000083f00000, 0x0000000084000000, 0x0000000084000000|100%| O|  |TAMS 0x0000000084000000, 0x0000000083f00000| Untracked 
|  64|0x0000000084000000, 0x0000000084100000, 0x0000000084100000|100%| O|  |TAMS 0x0000000084100000, 0x0000000084000000| Untracked 
|  65|0x0000000084100000, 0x0000000084200000, 0x0000000084200000|100%| O|  |TAMS 0x0000000084200000, 0x0000000084100000| Untracked 
|  66|0x0000000084200000, 0x0000000084300000, 0x0000000084300000|100%| O|  |TAMS 0x0000000084300000, 0x0000000084200000| Untracked 
|  67|0x0000000084300000, 0x0000000084400000, 0x0000000084400000|100%| O|  |TAMS 0x0000000084400000, 0x0000000084300000| Untracked 
|  68|0x0000000084400000, 0x0000000084500000, 0x0000000084500000|100%| O|  |TAMS 0x0000000084500000, 0x0000000084400000| Untracked 
|  69|0x0000000084500000, 0x0000000084600000, 0x0000000084600000|100%| O|  |TAMS 0x0000000084600000, 0x0000000084500000| Untracked 
|  70|0x0000000084600000, 0x0000000084700000, 0x0000000084700000|100%| O|  |TAMS 0x0000000084700000, 0x0000000084600000| Untracked 
|  71|0x0000000084700000, 0x0000000084800000, 0x0000000084800000|100%|HS|  |TAMS 0x0000000084800000, 0x0000000084700000| Complete 
|  72|0x0000000084800000, 0x0000000084900000, 0x0000000084900000|100%| O|  |TAMS 0x0000000084900000, 0x0000000084800000| Untracked 
|  73|0x0000000084900000, 0x0000000084a00000, 0x0000000084a00000|100%| O|  |TAMS 0x0000000084a00000, 0x0000000084900000| Untracked 
|  74|0x0000000084a00000, 0x0000000084b00000, 0x0000000084b00000|100%| O|  |TAMS 0x0000000084b00000, 0x0000000084a00000| Untracked 
|  75|0x0000000084b00000, 0x0000000084c00000, 0x0000000084c00000|100%| O|  |TAMS 0x0000000084c00000, 0x0000000084b00000| Untracked 
|  76|0x0000000084c00000, 0x0000000084d00000, 0x0000000084d00000|100%| O|  |TAMS 0x0000000084d00000, 0x0000000084c00000| Untracked 
|  77|0x0000000084d00000, 0x0000000084e00000, 0x0000000084e00000|100%| O|  |TAMS 0x0000000084e00000, 0x0000000084d00000| Untracked 
|  78|0x0000000084e00000, 0x0000000084f00000, 0x0000000084f00000|100%| O|  |TAMS 0x0000000084f00000, 0x0000000084e00000| Untracked 
|  79|0x0000000084f00000, 0x0000000085000000, 0x0000000085000000|100%| O|  |TAMS 0x0000000085000000, 0x0000000084f00000| Untracked 
|  80|0x0000000085000000, 0x0000000085100000, 0x0000000085100000|100%| O|  |TAMS 0x0000000085100000, 0x0000000085000000| Untracked 
|  81|0x0000000085100000, 0x0000000085200000, 0x0000000085200000|100%| O|  |TAMS 0x0000000085200000, 0x0000000085100000| Untracked 
|  82|0x0000000085200000, 0x0000000085300000, 0x0000000085300000|100%| O|  |TAMS 0x0000000085300000, 0x0000000085200000| Untracked 
|  83|0x0000000085300000, 0x0000000085400000, 0x0000000085400000|100%| O|  |TAMS 0x0000000085400000, 0x0000000085300000| Untracked 
|  84|0x0000000085400000, 0x0000000085500000, 0x0000000085500000|100%| O|  |TAMS 0x0000000085500000, 0x0000000085400000| Untracked 
|  85|0x0000000085500000, 0x0000000085600000, 0x0000000085600000|100%| O|  |TAMS 0x0000000085600000, 0x0000000085500000| Untracked 
|  86|0x0000000085600000, 0x0000000085700000, 0x0000000085700000|100%| O|  |TAMS 0x0000000085700000, 0x0000000085600000| Untracked 
|  87|0x0000000085700000, 0x0000000085800000, 0x0000000085800000|100%| O|  |TAMS 0x0000000085800000, 0x0000000085700000| Untracked 
|  88|0x0000000085800000, 0x0000000085900000, 0x0000000085900000|100%| O|  |TAMS 0x0000000085891e00, 0x0000000085800000| Untracked 
|  89|0x0000000085900000, 0x0000000085900000, 0x0000000085a00000|  0%| F|  |TAMS 0x0000000085900000, 0x0000000085900000| Untracked 
|  90|0x0000000085a00000, 0x0000000085a00000, 0x0000000085b00000|  0%| F|  |TAMS 0x0000000085a00000, 0x0000000085a00000| Untracked 
|  91|0x0000000085b00000, 0x0000000085b00000, 0x0000000085c00000|  0%| F|  |TAMS 0x0000000085b00000, 0x0000000085b00000| Untracked 
|  92|0x0000000085c00000, 0x0000000085d00000, 0x0000000085d00000|100%| O|  |TAMS 0x0000000085d00000, 0x0000000085c00000| Untracked 
|  93|0x0000000085d00000, 0x0000000085d00000, 0x0000000085e00000|  0%| F|  |TAMS 0x0000000085d00000, 0x0000000085d00000| Untracked 
|  94|0x0000000085e00000, 0x0000000085e00000, 0x0000000085f00000|  0%| F|  |TAMS 0x0000000085e00000, 0x0000000085e00000| Untracked 
|  95|0x0000000085f00000, 0x0000000085f00000, 0x0000000086000000|  0%| F|  |TAMS 0x0000000085f00000, 0x0000000085f00000| Untracked 
|  96|0x0000000086000000, 0x0000000086000000, 0x0000000086100000|  0%| F|  |TAMS 0x0000000086000000, 0x0000000086000000| Untracked 
|  97|0x0000000086100000, 0x0000000086100000, 0x0000000086200000|  0%| F|  |TAMS 0x0000000086100000, 0x0000000086100000| Untracked 
|  98|0x0000000086200000, 0x0000000086200000, 0x0000000086300000|  0%| F|  |TAMS 0x0000000086200000, 0x0000000086200000| Untracked 
|  99|0x0000000086300000, 0x0000000086300000, 0x0000000086400000|  0%| F|  |TAMS 0x0000000086300000, 0x0000000086300000| Untracked 
| 100|0x0000000086400000, 0x0000000086400000, 0x0000000086500000|  0%| F|  |TAMS 0x0000000086400000, 0x0000000086400000| Untracked 
| 101|0x0000000086500000, 0x0000000086500000, 0x0000000086600000|  0%| F|  |TAMS 0x0000000086500000, 0x0000000086500000| Untracked 
| 102|0x0000000086600000, 0x0000000086600000, 0x0000000086700000|  0%| F|  |TAMS 0x0000000086600000, 0x0000000086600000| Untracked 
| 103|0x0000000086700000, 0x0000000086700000, 0x0000000086800000|  0%| F|  |TAMS 0x0000000086700000, 0x0000000086700000| Untracked 
| 104|0x0000000086800000, 0x0000000086800000, 0x0000000086900000|  0%| F|  |TAMS 0x0000000086800000, 0x0000000086800000| Untracked 
| 105|0x0000000086900000, 0x0000000086a00000, 0x0000000086a00000|100%| O|  |TAMS 0x0000000086900000, 0x0000000086900000| Untracked 
| 106|0x0000000086a00000, 0x0000000086b00000, 0x0000000086b00000|100%| O|  |TAMS 0x0000000086a00000, 0x0000000086a00000| Untracked 
| 107|0x0000000086b00000, 0x0000000086b2f600, 0x0000000086c00000| 18%| O|  |TAMS 0x0000000086b00000, 0x0000000086b00000| Untracked 
| 108|0x0000000086c00000, 0x0000000086c00000, 0x0000000086d00000|  0%| F|  |TAMS 0x0000000086c00000, 0x0000000086c00000| Untracked 
| 109|0x0000000086d00000, 0x0000000086d00000, 0x0000000086e00000|  0%| F|  |TAMS 0x0000000086d00000, 0x0000000086d00000| Untracked 
| 110|0x0000000086e00000, 0x0000000086e00000, 0x0000000086f00000|  0%| F|  |TAMS 0x0000000086e00000, 0x0000000086e00000| Untracked 
| 111|0x0000000086f00000, 0x0000000086fe0a00, 0x0000000087000000| 87%| S|CS|TAMS 0x0000000086f00000, 0x0000000086f00000| Complete 
| 112|0x0000000087000000, 0x0000000087100000, 0x0000000087100000|100%| S|CS|TAMS 0x0000000087000000, 0x0000000087000000| Complete 
| 113|0x0000000087100000, 0x0000000087100000, 0x0000000087200000|  0%| F|  |TAMS 0x0000000087100000, 0x0000000087100000| Untracked 
| 114|0x0000000087200000, 0x0000000087200000, 0x0000000087300000|  0%| F|  |TAMS 0x0000000087200000, 0x0000000087200000| Untracked 
| 115|0x0000000087300000, 0x0000000087300000, 0x0000000087400000|  0%| F|  |TAMS 0x0000000087300000, 0x0000000087300000| Untracked 
| 116|0x0000000087400000, 0x0000000087400000, 0x0000000087500000|  0%| F|  |TAMS 0x0000000087400000, 0x0000000087400000| Untracked 
| 117|0x0000000087500000, 0x00000000875be5e0, 0x0000000087600000| 74%| E|  |TAMS 0x0000000087500000, 0x0000000087500000| Complete 
| 118|0x0000000087600000, 0x0000000087700000, 0x0000000087700000|100%| E|CS|TAMS 0x0000000087600000, 0x0000000087600000| Complete 
| 119|0x0000000087700000, 0x0000000087800000, 0x0000000087800000|100%| E|CS|TAMS 0x0000000087700000, 0x0000000087700000| Complete 
| 120|0x0000000087800000, 0x0000000087900000, 0x0000000087900000|100%| E|CS|TAMS 0x0000000087800000, 0x0000000087800000| Complete 
| 121|0x0000000087900000, 0x0000000087a00000, 0x0000000087a00000|100%| E|CS|TAMS 0x0000000087900000, 0x0000000087900000| Complete 
| 122|0x0000000087a00000, 0x0000000087b00000, 0x0000000087b00000|100%| E|CS|TAMS 0x0000000087a00000, 0x0000000087a00000| Complete 
| 123|0x0000000087b00000, 0x0000000087c00000, 0x0000000087c00000|100%| E|CS|TAMS 0x0000000087b00000, 0x0000000087b00000| Complete 
| 124|0x0000000087c00000, 0x0000000087d00000, 0x0000000087d00000|100%| E|CS|TAMS 0x0000000087c00000, 0x0000000087c00000| Complete 
| 125|0x0000000087d00000, 0x0000000087e00000, 0x0000000087e00000|100%| E|CS|TAMS 0x0000000087d00000, 0x0000000087d00000| Complete 
| 126|0x0000000087e00000, 0x0000000087f00000, 0x0000000087f00000|100%| E|CS|TAMS 0x0000000087e00000, 0x0000000087e00000| Complete 
| 127|0x0000000087f00000, 0x0000000088000000, 0x0000000088000000|100%| E|CS|TAMS 0x0000000087f00000, 0x0000000087f00000| Complete 

Card table byte_map: [0x00000242dafa0000,0x00000242db3a0000] _byte_map_base: 0x00000242daba0000

Marking Bits (Prev, Next): (CMBitMap*) 0x00000242c80f0e30, (CMBitMap*) 0x00000242c80f0df8
 Prev Bits: [0x00000242dd7a0000, 0x00000242df7a0000)
 Next Bits: [0x00000242db7a0000, 0x00000242dd7a0000)

Polling page: 0x00000242c5f50000

Metaspace:

Usage:
  Non-class:     71.55 MB capacity,    70.28 MB ( 98%) used,     1.04 MB (  1%) free+waste,   230.25 KB ( <1%) overhead. 
      Class:     11.13 MB capacity,    10.39 MB ( 93%) used,   650.56 KB (  6%) free+waste,   105.81 KB ( <1%) overhead. 
       Both:     82.67 MB capacity,    80.67 MB ( 98%) used,     1.68 MB (  2%) free+waste,   336.06 KB ( <1%) overhead. 

Virtual space:
  Non-class space:       72.00 MB reserved,      71.75 MB (>99%) committed 
      Class space:        1.00 GB reserved,      11.25 MB (  1%) committed 
             Both:        1.07 GB reserved,      83.00 MB (  8%) committed 

Chunk freelists:
   Non-Class:  78.00 KB
       Class:  32.00 KB
        Both:  110.00 KB

MaxMetaspaceSize: 17179869184.00 GB
CompressedClassSpaceSize: 1.00 GB

CodeHeap 'non-profiled nmethods': size=120064Kb used=6703Kb max_used=6703Kb free=113360Kb
 bounds [0x00000242d3660000, 0x00000242d3cf0000, 0x00000242daba0000]
CodeHeap 'profiled nmethods': size=120000Kb used=21774Kb max_used=21774Kb free=98225Kb
 bounds [0x00000242cc130000, 0x00000242cd680000, 0x00000242d3660000]
CodeHeap 'non-nmethods': size=5696Kb used=2280Kb max_used=2339Kb free=3415Kb
 bounds [0x00000242cbba0000, 0x00000242cbe10000, 0x00000242cc130000]
 total_blobs=10947 nmethods=10068 adapters=790
 compilation: enabled
              stopped_count=0, restarted_count=0
 full_count=0

Compilation events (20 events):
Event: 90.773 Thread 0x00000242e1ca8800 9982       2       java.lang.reflect.Constructor::getDeclaredAnnotations (5 bytes)
Event: 90.774 Thread 0x00000242e1ca8800 nmethod 9982 0x00000242cd611890 code [0x00000242cd611a60, 0x00000242cd611c08]
Event: 90.776 Thread 0x00000242e1ca8800 9983       2       java.io.ObjectStreamField::compareTo (40 bytes)
Event: 90.776 Thread 0x00000242e1ca8800 nmethod 9983 0x00000242cd611d10 code [0x00000242cd611f20, 0x00000242cd6122e8]
Event: 90.781 Thread 0x00000242e1ca8800 9984       2       sun.security.provider.ByteArrayAccess::i2bBig4 (111 bytes)
Event: 90.781 Thread 0x00000242e1ca8800 nmethod 9984 0x00000242cd612590 code [0x00000242cd612740, 0x00000242cd612928]
Event: 90.783 Thread 0x00000242e1ca8800 9985   !   2       java.io.ObjectOutputStream::writeSerialData (221 bytes)
Event: 90.784 Thread 0x00000242e1ca8800 nmethod 9985 0x00000242cd612a10 code [0x00000242cd612c60, 0x00000242cd6135c8]
Event: 90.784 Thread 0x00000242e1ca8800 9986       2       java.io.ObjectStreamClass$FieldReflector::getObjFieldValues (99 bytes)
Event: 90.785 Thread 0x00000242e1ca8800 nmethod 9986 0x00000242cd613b90 code [0x00000242cd613d80, 0x00000242cd614218]
Event: 90.785 Thread 0x00000242e1ca8800 9988       2       java.io.ObjectStreamClass$FieldReflector::getPrimFieldValues (317 bytes)
Event: 90.786 Thread 0x00000242e1ca8800 nmethod 9988 0x00000242cd614510 code [0x00000242cd614740, 0x00000242cd614e38]
Event: 90.786 Thread 0x00000242e1ca8800 9989       2       java.io.ObjectOutputStream$BlockDataOutputStream::write (152 bytes)
Event: 90.787 Thread 0x00000242e1ca8800 nmethod 9989 0x00000242cd615310 code [0x00000242cd615520, 0x00000242cd615978]
Event: 90.787 Thread 0x00000242e1ca8800 9990   !   2       java.io.ObjectOutputStream::writeObject (38 bytes)
Event: 90.787 Thread 0x00000242e1ca8800 nmethod 9990 0x00000242cd615b90 code [0x00000242cd615d60, 0x00000242cd615ef8]
Event: 90.799 Thread 0x00000242e1ca8800 9992 %     3       java.io.ObjectStreamClass$FieldReflector::getPrimFieldValues @ 14 (317 bytes)
Event: 90.800 Thread 0x00000242e1ca8800 nmethod 9992% 0x00000242cd616010 code [0x00000242cd6162c0, 0x00000242cd617398]
Event: 90.800 Thread 0x00000242e1ca8800 9993       3       java.io.ObjectStreamClass$FieldReflector::getPrimFieldValues (317 bytes)
Event: 90.802 Thread 0x00000242e1ca8800 nmethod 9993 0x00000242cd617990 code [0x00000242cd617c40, 0x00000242cd618b78]

GC Heap History (20 events):
Event: 80.656 GC heap before
{Heap before GC invocations=19 (full 0):
 garbage-first heap   total 131072K, used 72022K [0x0000000080000000, 0x0000000100000000)
  region size 1024K, 10 young (10240K), 7 survivors (7168K)
 Metaspace       used 81087K, capacity 83108K, committed 83328K, reserved 1122304K
  class space    used 10538K, capacity 11337K, committed 11392K, reserved 1048576K
}
Event: 80.672 GC heap after
{Heap after GC invocations=20 (full 0):
 garbage-first heap   total 131072K, used 72488K [0x0000000080000000, 0x0000000100000000)
  region size 1024K, 2 young (2048K), 2 survivors (2048K)
 Metaspace       used 81087K, capacity 83108K, committed 83328K, reserved 1122304K
  class space    used 10538K, capacity 11337K, committed 11392K, reserved 1048576K
}
Event: 83.448 GC heap before
{Heap before GC invocations=21 (full 0):
 garbage-first heap   total 131072K, used 95016K [0x0000000080000000, 0x0000000100000000)
  region size 1024K, 22 young (22528K), 2 survivors (2048K)
 Metaspace       used 81157K, capacity 83185K, committed 83328K, reserved 1122304K
  class space    used 10528K, capacity 11320K, committed 11392K, reserved 1048576K
}
Event: 83.463 GC heap after
{Heap after GC invocations=22 (full 0):
 garbage-first heap   total 131072K, used 82236K [0x0000000080000000, 0x0000000100000000)
  region size 1024K, 3 young (3072K), 3 survivors (3072K)
 Metaspace       used 81157K, capacity 83185K, committed 83328K, reserved 1122304K
  class space    used 10528K, capacity 11320K, committed 11392K, reserved 1048576K
}
Event: 85.246 GC heap before
{Heap before GC invocations=22 (full 0):
 garbage-first heap   total 131072K, used 97596K [0x0000000080000000, 0x0000000100000000)
  region size 1024K, 18 young (18432K), 3 survivors (3072K)
 Metaspace       used 81658K, capacity 83709K, committed 83840K, reserved 1122304K
  class space    used 10581K, capacity 11346K, committed 11392K, reserved 1048576K
}
Event: 85.256 GC heap after
{Heap after GC invocations=23 (full 0):
 garbage-first heap   total 131072K, used 86125K [0x0000000080000000, 0x0000000100000000)
  region size 1024K, 3 young (3072K), 3 survivors (3072K)
 Metaspace       used 81658K, capacity 83709K, committed 83840K, reserved 1122304K
  class space    used 10581K, capacity 11346K, committed 11392K, reserved 1048576K
}
Event: 85.622 GC heap before
{Heap before GC invocations=24 (full 0):
 garbage-first heap   total 131072K, used 94317K [0x0000000080000000, 0x0000000100000000)
  region size 1024K, 11 young (11264K), 3 survivors (3072K)
 Metaspace       used 81833K, capacity 83883K, committed 84096K, reserved 1122304K
  class space    used 10582K, capacity 11339K, committed 11392K, reserved 1048576K
}
Event: 85.634 GC heap after
{Heap after GC invocations=25 (full 0):
 garbage-first heap   total 131072K, used 88170K [0x0000000080000000, 0x0000000100000000)
  region size 1024K, 2 young (2048K), 2 survivors (2048K)
 Metaspace       used 81833K, capacity 83883K, committed 84096K, reserved 1122304K
  class space    used 10582K, capacity 11339K, committed 11392K, reserved 1048576K
}
Event: 86.756 GC heap before
{Heap before GC invocations=26 (full 0):
 garbage-first heap   total 131072K, used 108650K [0x0000000080000000, 0x0000000100000000)
  region size 1024K, 16 young (16384K), 2 survivors (2048K)
 Metaspace       used 81887K, capacity 83886K, committed 84096K, reserved 1122304K
  class space    used 10585K, capacity 11340K, committed 11392K, reserved 1048576K
}
Event: 86.768 GC heap after
{Heap after GC invocations=27 (full 0):
 garbage-first heap   total 131072K, used 89088K [0x0000000080000000, 0x0000000100000000)
  region size 1024K, 2 young (2048K), 2 survivors (2048K)
 Metaspace       used 81887K, capacity 83886K, committed 84096K, reserved 1122304K
  class space    used 10585K, capacity 11340K, committed 11392K, reserved 1048576K
}
Event: 89.876 GC heap before
{Heap before GC invocations=27 (full 0):
 garbage-first heap   total 131072K, used 104448K [0x0000000080000000, 0x0000000100000000)
  region size 1024K, 17 young (17408K), 2 survivors (2048K)
 Metaspace       used 81945K, capacity 83955K, committed 84096K, reserved 1122304K
  class space    used 10591K, capacity 11341K, committed 11392K, reserved 1048576K
}
Event: 89.886 GC heap after
{Heap after GC invocations=28 (full 0):
 garbage-first heap   total 131072K, used 90455K [0x0000000080000000, 0x0000000100000000)
  region size 1024K, 3 young (3072K), 3 survivors (3072K)
 Metaspace       used 81945K, capacity 83955K, committed 84096K, reserved 1122304K
  class space    used 10591K, capacity 11341K, committed 11392K, reserved 1048576K
}
Event: 90.184 GC heap before
{Heap before GC invocations=29 (full 0):
 garbage-first heap   total 131072K, used 105815K [0x0000000080000000, 0x0000000100000000)
  region size 1024K, 18 young (18432K), 3 survivors (3072K)
 Metaspace       used 81949K, capacity 83955K, committed 84096K, reserved 1122304K
  class space    used 10591K, capacity 11341K, committed 11392K, reserved 1048576K
}
Event: 90.192 GC heap after
{Heap after GC invocations=30 (full 0):
 garbage-first heap   total 131072K, used 90339K [0x0000000080000000, 0x0000000100000000)
  region size 1024K, 2 young (2048K), 2 survivors (2048K)
 Metaspace       used 81949K, capacity 83955K, committed 84096K, reserved 1122304K
  class space    used 10591K, capacity 11341K, committed 11392K, reserved 1048576K
}
Event: 90.246 GC heap before
{Heap before GC invocations=30 (full 0):
 garbage-first heap   total 131072K, used 105699K [0x0000000080000000, 0x0000000100000000)
  region size 1024K, 17 young (17408K), 2 survivors (2048K)
 Metaspace       used 81952K, capacity 83955K, committed 84096K, reserved 1122304K
  class space    used 10591K, capacity 11341K, committed 11392K, reserved 1048576K
}
Event: 90.250 GC heap after
{Heap after GC invocations=31 (full 0):
 garbage-first heap   total 131072K, used 90311K [0x0000000080000000, 0x0000000100000000)
  region size 1024K, 2 young (2048K), 2 survivors (2048K)
 Metaspace       used 81952K, capacity 83955K, committed 84096K, reserved 1122304K
  class space    used 10591K, capacity 11341K, committed 11392K, reserved 1048576K
}
Event: 90.408 GC heap before
{Heap before GC invocations=31 (full 0):
 garbage-first heap   total 131072K, used 106695K [0x0000000080000000, 0x0000000100000000)
  region size 1024K, 18 young (18432K), 2 survivors (2048K)
 Metaspace       used 81953K, capacity 83955K, committed 84096K, reserved 1122304K
  class space    used 10591K, capacity 11341K, committed 11392K, reserved 1048576K
}
Event: 90.412 GC heap after
{Heap after GC invocations=32 (full 0):
 garbage-first heap   total 131072K, used 90221K [0x0000000080000000, 0x0000000100000000)
  region size 1024K, 1 young (1024K), 1 survivors (1024K)
 Metaspace       used 81953K, capacity 83955K, committed 84096K, reserved 1122304K
  class space    used 10591K, capacity 11341K, committed 11392K, reserved 1048576K
}
Event: 90.603 GC heap before
{Heap before GC invocations=33 (full 0):
 garbage-first heap   total 131072K, used 97389K [0x0000000080000000, 0x0000000100000000)
  region size 1024K, 10 young (10240K), 1 survivors (1024K)
 Metaspace       used 81977K, capacity 83961K, committed 84096K, reserved 1122304K
  class space    used 10594K, capacity 11343K, committed 11392K, reserved 1048576K
}
Event: 90.613 GC heap after
{Heap after GC invocations=34 (full 0):
 garbage-first heap   total 131072K, used 94791K [0x0000000080000000, 0x0000000100000000)
  region size 1024K, 3 young (3072K), 3 survivors (3072K)
 Metaspace       used 81977K, capacity 83961K, committed 84096K, reserved 1122304K
  class space    used 10594K, capacity 11343K, committed 11392K, reserved 1048576K
}

Deoptimization events (20 events):
Event: 90.585 Thread 0x00000242e6161800 DEOPT PACKING pc=0x00000242d3c94c58 sp=0x00000090350fa460
Event: 90.585 Thread 0x00000242e6161800 DEOPT UNPACKING pc=0x00000242cbbc78af sp=0x00000090350fa400 mode 2
Event: 90.585 Thread 0x00000242e6161800 Uncommon trap: trap_request=0xffffff4d fr.pc=0x00000242d3cb8dbc relative=0x0000000000006b7c
Event: 90.585 Thread 0x00000242e6161800 Uncommon trap: reason=unstable_if action=reinterpret pc=0x00000242d3cb8dbc method=com.android.utils.XmlUtils.append(Lcom/android/utils/XmlUtils$PositionAwareStringBuilder;Lorg/w3c/dom/Node;Ljava/util/Map;Ljava/util/Set;)V @ 546 c2
Event: 90.585 Thread 0x00000242e6161800 DEOPT PACKING pc=0x00000242d3cb8dbc sp=0x00000090350fa3d0
Event: 90.585 Thread 0x00000242e6161800 DEOPT UNPACKING pc=0x00000242cbbc78af sp=0x00000090350fa3b8 mode 2
Event: 90.585 Thread 0x00000242e6161800 Uncommon trap: trap_request=0xffffff4d fr.pc=0x00000242d3cb8dbc relative=0x0000000000006b7c
Event: 90.585 Thread 0x00000242e6161800 Uncommon trap: reason=unstable_if action=reinterpret pc=0x00000242d3cb8dbc method=com.android.utils.XmlUtils.append(Lcom/android/utils/XmlUtils$PositionAwareStringBuilder;Lorg/w3c/dom/Node;Ljava/util/Map;Ljava/util/Set;)V @ 546 c2
Event: 90.585 Thread 0x00000242e6161800 DEOPT PACKING pc=0x00000242d3cb8dbc sp=0x00000090350fa4c0
Event: 90.585 Thread 0x00000242e6161800 DEOPT UNPACKING pc=0x00000242cbbc78af sp=0x00000090350fa4a8 mode 2
Event: 90.656 Thread 0x00000242e6161800 Uncommon trap: trap_request=0xffffff4d fr.pc=0x00000242d3cb8dbc relative=0x0000000000006b7c
Event: 90.656 Thread 0x00000242e6161800 Uncommon trap: reason=unstable_if action=reinterpret pc=0x00000242d3cb8dbc method=com.android.utils.XmlUtils.append(Lcom/android/utils/XmlUtils$PositionAwareStringBuilder;Lorg/w3c/dom/Node;Ljava/util/Map;Ljava/util/Set;)V @ 546 c2
Event: 90.656 Thread 0x00000242e6161800 DEOPT PACKING pc=0x00000242d3cb8dbc sp=0x00000090350fa5b0
Event: 90.656 Thread 0x00000242e6161800 DEOPT UNPACKING pc=0x00000242cbbc78af sp=0x00000090350fa598 mode 2
Event: 90.776 Thread 0x00000242e6161800 Uncommon trap: trap_request=0xffffff7e fr.pc=0x00000242d3c76e3c relative=0x000000000000007c
Event: 90.776 Thread 0x00000242e6161800 Uncommon trap: reason=predicate action=maybe_recompile pc=0x00000242d3c76e3c method=java.util.ComparableTimSort.binarySort([Ljava/lang/Object;III)V @ 34 c2
Event: 90.776 Thread 0x00000242e6161800 DEOPT PACKING pc=0x00000242d3c76e3c sp=0x00000090350f7f50
Event: 90.776 Thread 0x00000242e6161800 DEOPT UNPACKING pc=0x00000242cbbc78af sp=0x00000090350f7ef8 mode 2
Event: 90.802 Thread 0x00000242e6161800 DEOPT PACKING pc=0x00000242cd614d0a sp=0x00000090350f8760
Event: 90.802 Thread 0x00000242e6161800 DEOPT UNPACKING pc=0x00000242cbbc76ce sp=0x00000090350f7c80 mode 0

Classes redefined (0 events):
No events

Internal exceptions (20 events):
Event: 76.162 Thread 0x00000242e5225000 Exception <a 'java/lang/NoSuchMethodError'{0x0000000087d25ca0}: <clinit>> (0x0000000087d25ca0) thrown at [./src/hotspot/share/prims/jni.cpp, line 1362]
Event: 85.205 Thread 0x00000242e6161800 Exception <a 'java/lang/NoSuchMethodError'{0x00000000873e9398}: <clinit>> (0x00000000873e9398) thrown at [./src/hotspot/share/prims/jni.cpp, line 1362]
Event: 85.207 Thread 0x00000242e6161800 Exception <a 'java/lang/NoSuchMethodError'{0x00000000873f9640}: <clinit>> (0x00000000873f9640) thrown at [./src/hotspot/share/prims/jni.cpp, line 1362]
Event: 85.216 Thread 0x00000242e6161800 Exception <a 'java/lang/NoSuchMethodError'{0x0000000087269428}: <clinit>> (0x0000000087269428) thrown at [./src/hotspot/share/prims/jni.cpp, line 1362]
Event: 85.216 Thread 0x00000242e6161800 Exception <a 'java/lang/NoSuchMethodError'{0x000000008726bff0}: <clinit>> (0x000000008726bff0) thrown at [./src/hotspot/share/prims/jni.cpp, line 1362]
Event: 85.216 Thread 0x00000242e6161800 Exception <a 'java/lang/NoSuchMethodError'{0x00000000872709d0}: <clinit>> (0x00000000872709d0) thrown at [./src/hotspot/share/prims/jni.cpp, line 1362]
Event: 85.217 Thread 0x00000242e6161800 Exception <a 'java/lang/NoSuchMethodError'{0x000000008727c170}: <clinit>> (0x000000008727c170) thrown at [./src/hotspot/share/prims/jni.cpp, line 1362]
Event: 85.231 Thread 0x00000242e6161800 Exception <a 'java/lang/NoSuchMethodError'{0x00000000872e5688}: <clinit>> (0x00000000872e5688) thrown at [./src/hotspot/share/prims/jni.cpp, line 1362]
Event: 85.234 Thread 0x00000242e6161800 Exception <a 'java/lang/NoSuchMethodError'{0x0000000087117ad8}: <clinit>> (0x0000000087117ad8) thrown at [./src/hotspot/share/prims/jni.cpp, line 1362]
Event: 85.234 Thread 0x00000242e6161800 Exception <a 'java/lang/NoSuchMethodError'{0x000000008711af40}: <clinit>> (0x000000008711af40) thrown at [./src/hotspot/share/prims/jni.cpp, line 1362]
Event: 85.234 Thread 0x00000242e6161800 Exception <a 'java/lang/NoSuchMethodError'{0x000000008711dbb0}: <clinit>> (0x000000008711dbb0) thrown at [./src/hotspot/share/prims/jni.cpp, line 1362]
Event: 85.235 Thread 0x00000242e6161800 Exception <a 'java/lang/NoSuchMethodError'{0x0000000087135df0}: <clinit>> (0x0000000087135df0) thrown at [./src/hotspot/share/prims/jni.cpp, line 1362]
Event: 85.237 Thread 0x00000242e6161800 Exception <a 'java/lang/NoSuchMethodError'{0x000000008714d0f8}: <clinit>> (0x000000008714d0f8) thrown at [./src/hotspot/share/prims/jni.cpp, line 1362]
Event: 85.237 Thread 0x00000242e6161800 Exception <a 'java/lang/NoSuchMethodError'{0x0000000087161db0}: <clinit>> (0x0000000087161db0) thrown at [./src/hotspot/share/prims/jni.cpp, line 1362]
Event: 85.239 Thread 0x00000242e6161800 Exception <a 'java/lang/NoSuchMethodError'{0x0000000087184998}: <clinit>> (0x0000000087184998) thrown at [./src/hotspot/share/prims/jni.cpp, line 1362]
Event: 85.241 Thread 0x00000242e6161800 Exception <a 'java/lang/NoSuchMethodError'{0x00000000871a9cf8}: <clinit>> (0x00000000871a9cf8) thrown at [./src/hotspot/share/prims/jni.cpp, line 1362]
Event: 85.242 Thread 0x00000242e6161800 Exception <a 'java/lang/NoSuchMethodError'{0x00000000871be538}: <clinit>> (0x00000000871be538) thrown at [./src/hotspot/share/prims/jni.cpp, line 1362]
Event: 90.585 Thread 0x00000242e6161800 Implicit null exception at 0x00000242d3cb38b5 to 0x00000242d3cb8d84
Event: 90.585 Thread 0x00000242e6161800 Implicit null exception at 0x00000242d3cb38b5 to 0x00000242d3cb8d84
Event: 90.656 Thread 0x00000242e6161800 Implicit null exception at 0x00000242d3cb38b5 to 0x00000242d3cb8d84

Events (20 events):
Event: 90.737 loading class com/android/aaptcompiler/LocaleValue
Event: 90.737 loading class com/android/aaptcompiler/LocaleValue done
Event: 90.738 loading class com/android/aaptcompiler/ResourcePathData
Event: 90.738 loading class com/android/aaptcompiler/ResourcePathData done
Event: 90.739 loading class com/android/aaptcompiler/AaptResourceTypeKt
Event: 90.739 loading class com/android/aaptcompiler/AaptResourceTypeKt done
Event: 90.741 loading class com/android/aaptcompiler/ConfigDescriptionParsersKt
Event: 90.741 loading class com/android/aaptcompiler/ConfigDescriptionParsersKt done
Event: 90.761 loading class com/android/aaptcompiler/AaptResourceType
Event: 90.761 loading class com/android/aaptcompiler/AaptResourceType done
Event: 90.768 loading class com/android/build/gradle/internal/res/ResourceCompilerRunnable
Event: 90.768 loading class com/android/build/gradle/internal/res/ResourceCompilerRunnable done
Event: 90.769 loading class com/android/build/gradle/internal/aapt/WorkerExecutorResourceCompilationService$close$1$1
Event: 90.769 loading class com/android/build/gradle/internal/aapt/WorkerExecutorResourceCompilationService$close$1$1 done
Event: 90.770 loading class com/android/build/gradle/internal/res/ResourceCompilerRunnable$Params
Event: 90.770 loading class com/android/build/gradle/internal/res/ResourceCompilerRunnable$Params done
Event: 90.813 loading class kotlin/InitializedLazyImpl
Event: 90.813 loading class kotlin/InitializedLazyImpl done
Event: 90.864 Executing VM operation: CGC_Operation
Event: 90.874 Executing VM operation: CGC_Operation done


Dynamic libraries:
0x00007ff7f00f0000 - 0x00007ff7f00fa000 	C:\Program Files\Android\Android Studio\jre\bin\java.exe
0x00007ffa45ff0000 - 0x00007ffa461e5000 	C:\WINDOWS\SYSTEM32\ntdll.dll
0x00007ffa45b20000 - 0x00007ffa45bde000 	C:\WINDOWS\System32\KERNEL32.DLL
0x00007ffa43d60000 - 0x00007ffa44028000 	C:\WINDOWS\System32\KERNELBASE.dll
0x00007ffa43890000 - 0x00007ffa43990000 	C:\WINDOWS\System32\ucrtbase.dll
0x00007ffa2c000000 - 0x00007ffa2c017000 	C:\Program Files\Android\Android Studio\jre\bin\VCRUNTIME140.dll
0x00007ffa2bfe0000 - 0x00007ffa2bff9000 	C:\Program Files\Android\Android Studio\jre\bin\jli.dll
0x00007ffa45d80000 - 0x00007ffa45f21000 	C:\WINDOWS\System32\USER32.dll
0x00007ffa43700000 - 0x00007ffa43722000 	C:\WINDOWS\System32\win32u.dll
0x00007ffa2fbc0000 - 0x00007ffa2fe5a000 	C:\WINDOWS\WinSxS\amd64_microsoft.windows.common-controls_6595b64144ccf1df_6.0.19041.1110_none_60b5254171f9507e\COMCTL32.dll
0x00007ffa45280000 - 0x00007ffa452ab000 	C:\WINDOWS\System32\GDI32.dll
0x00007ffa451d0000 - 0x00007ffa4526e000 	C:\WINDOWS\System32\msvcrt.dll
0x00007ffa43a30000 - 0x00007ffa43b3d000 	C:\WINDOWS\System32\gdi32full.dll
0x00007ffa43990000 - 0x00007ffa43a2d000 	C:\WINDOWS\System32\msvcp_win.dll
0x00007ffa45c90000 - 0x00007ffa45cc0000 	C:\WINDOWS\System32\IMM32.DLL
0x00007ffa29f50000 - 0x00007ffa29fed000 	C:\Program Files\Android\Android Studio\jre\bin\msvcp140.dll
0x00007ff9f0be0000 - 0x00007ff9f16af000 	C:\Program Files\Android\Android Studio\jre\bin\server\jvm.dll
0x00007ffa45be0000 - 0x00007ffa45c8e000 	C:\WINDOWS\System32\ADVAPI32.dll
0x00007ffa45cc0000 - 0x00007ffa45d5c000 	C:\WINDOWS\System32\sechost.dll
0x00007ffa45560000 - 0x00007ffa45685000 	C:\WINDOWS\System32\RPCRT4.dll
0x00007ffa45b10000 - 0x00007ffa45b18000 	C:\WINDOWS\System32\PSAPI.DLL
0x00007ffa3e490000 - 0x00007ffa3e499000 	C:\WINDOWS\SYSTEM32\WSOCK32.dll
0x00007ffa44850000 - 0x00007ffa448bb000 	C:\WINDOWS\System32\WS2_32.dll
0x00007ffa3ca60000 - 0x00007ffa3ca6a000 	C:\WINDOWS\SYSTEM32\VERSION.dll
0x00007ffa2b150000 - 0x00007ffa2b177000 	C:\WINDOWS\SYSTEM32\WINMM.dll
0x00007ffa41f80000 - 0x00007ffa41f92000 	C:\WINDOWS\SYSTEM32\kernel.appcore.dll
0x00007ffa2dc10000 - 0x00007ffa2dc21000 	C:\Program Files\Android\Android Studio\jre\bin\verify.dll
0x00007ffa414f0000 - 0x00007ffa416d4000 	C:\WINDOWS\SYSTEM32\DBGHELP.DLL
0x00007ffa25e10000 - 0x00007ffa25e3c000 	C:\WINDOWS\SYSTEM32\dbgcore.DLL
0x00007ffa43b40000 - 0x00007ffa43bc2000 	C:\WINDOWS\System32\bcryptPrimitives.dll
0x00007ffa2bca0000 - 0x00007ffa2bcc9000 	C:\Program Files\Android\Android Studio\jre\bin\java.dll
0x00007ffa3e440000 - 0x00007ffa3e44b000 	C:\Program Files\Android\Android Studio\jre\bin\jimage.dll
0x00007ffa2c240000 - 0x00007ffa2c258000 	C:\Program Files\Android\Android Studio\jre\bin\zip.dll
0x00007ffa44030000 - 0x00007ffa44774000 	C:\WINDOWS\System32\SHELL32.dll
0x00007ffa416e0000 - 0x00007ffa41e75000 	C:\WINDOWS\SYSTEM32\windows.storage.dll
0x00007ffa44930000 - 0x00007ffa44c85000 	C:\WINDOWS\System32\combase.dll
0x00007ffa43080000 - 0x00007ffa430ae000 	C:\WINDOWS\SYSTEM32\Wldp.dll
0x00007ffa45340000 - 0x00007ffa453ed000 	C:\WINDOWS\System32\SHCORE.dll
0x00007ffa45170000 - 0x00007ffa451c5000 	C:\WINDOWS\System32\shlwapi.dll
0x00007ffa43640000 - 0x00007ffa4365f000 	C:\WINDOWS\SYSTEM32\profapi.dll
0x00007ffa2be00000 - 0x00007ffa2be1a000 	C:\Program Files\Android\Android Studio\jre\bin\net.dll
0x00007ffa38740000 - 0x00007ffa3884c000 	C:\WINDOWS\SYSTEM32\WINHTTP.dll
0x00007ffa42de0000 - 0x00007ffa42e4a000 	C:\WINDOWS\system32\mswsock.dll
0x00007ffa2bdc0000 - 0x00007ffa2bdd4000 	C:\Program Files\Android\Android Studio\jre\bin\nio.dll
0x00007ffa2bb70000 - 0x00007ffa2bb97000 	C:\Users\User\.gradle\native\8bec1ad78214c89d9ad589b4d07fe93259594b29d510b10fafb7a158f7737e5d\windows-amd64\native-platform.dll
0x00007ffa12f10000 - 0x00007ffa1304d000 	C:\Users\User\.gradle\native\53dbd7edfb1c66fb8903c78663c9afc45aea4f116125fa6feffd364cf09443e8\windows-amd64\native-platform-file-events.dll
0x00007ffa31dd0000 - 0x00007ffa31dda000 	C:\Program Files\Android\Android Studio\jre\bin\management.dll
0x00007ffa2e260000 - 0x00007ffa2e26c000 	C:\Program Files\Android\Android Studio\jre\bin\management_ext.dll
0x00007ffa42fd0000 - 0x00007ffa42fe8000 	C:\WINDOWS\SYSTEM32\CRYPTSP.dll
0x00007ffa42760000 - 0x00007ffa42794000 	C:\WINDOWS\system32\rsaenh.dll
0x00007ffa43d30000 - 0x00007ffa43d57000 	C:\WINDOWS\System32\bcrypt.dll
0x00007ffa43600000 - 0x00007ffa4362e000 	C:\WINDOWS\SYSTEM32\USERENV.dll
0x00007ffa42ff0000 - 0x00007ffa42ffc000 	C:\WINDOWS\SYSTEM32\CRYPTBASE.dll
0x00007ffa42ad0000 - 0x00007ffa42b0b000 	C:\WINDOWS\SYSTEM32\IPHLPAPI.DLL
0x00007ffa44920000 - 0x00007ffa44928000 	C:\WINDOWS\System32\NSI.dll
0x00007ffa3d520000 - 0x00007ffa3d537000 	C:\WINDOWS\SYSTEM32\dhcpcsvc6.DLL
0x00007ffa3d830000 - 0x00007ffa3d84d000 	C:\WINDOWS\SYSTEM32\dhcpcsvc.DLL
0x00007ffa42b60000 - 0x00007ffa42c2b000 	C:\WINDOWS\SYSTEM32\DNSAPI.dll

dbghelp: loaded successfully - version: 4.0.5 - missing functions: none
symbol engine: initialized successfully - sym options: 0x614 - pdb path: .;C:\Program Files\Android\Android Studio\jre\bin;C:\WINDOWS\SYSTEM32;C:\WINDOWS\WinSxS\amd64_microsoft.windows.common-controls_6595b64144ccf1df_6.0.19041.1110_none_60b5254171f9507e;C:\Program Files\Android\Android Studio\jre\bin\server;C:\Users\User\.gradle\native\8bec1ad78214c89d9ad589b4d07fe93259594b29d510b10fafb7a158f7737e5d\windows-amd64;C:\Users\User\.gradle\native\53dbd7edfb1c66fb8903c78663c9afc45aea4f116125fa6feffd364cf09443e8\windows-amd64

VM Arguments:
jvm_args: --add-opens=java.base/java.util=ALL-UNNAMED --add-opens=java.base/java.lang=ALL-UNNAMED --add-opens=java.base/java.lang.invoke=ALL-UNNAMED --add-opens=java.base/java.util=ALL-UNNAMED --add-opens=java.prefs/java.util.prefs=ALL-UNNAMED --add-opens=java.prefs/java.util.prefs=ALL-UNNAMED --add-opens=java.base/java.nio.charset=ALL-UNNAMED --add-opens=java.base/java.net=ALL-UNNAMED --add-opens=java.base/java.util.concurrent.atomic=ALL-UNNAMED -Xmx2048m -Dfile.encoding=UTF-8 -Duser.country=FR -Duser.language=fr -Duser.variant 
java_command: org.gradle.launcher.daemon.bootstrap.GradleDaemon 7.0.2
java_class_path (initial): C:\Users\User\.gradle\wrapper\dists\gradle-7.0.2-bin\857tjihv64xamwrf0h14cai3r\gradle-7.0.2\lib\gradle-launcher-7.0.2.jar
Launcher Type: SUN_STANDARD

[Global flags]
     intx CICompilerCount                          = 3                                         {product} {ergonomic}
     uint ConcGCThreads                            = 1                                         {product} {ergonomic}
     uint G1ConcRefinementThreads                  = 4                                         {product} {ergonomic}
   size_t G1HeapRegionSize                         = 1048576                                   {product} {ergonomic}
    uintx GCDrainStackTargetSize                   = 64                                        {product} {ergonomic}
   size_t InitialHeapSize                          = 134217728                                 {product} {ergonomic}
   size_t MarkStackSize                            = 4194304                                   {product} {ergonomic}
   size_t MaxHeapSize                              = 2147483648                                {product} {command line}
   size_t MaxNewSize                               = 1287651328                                {product} {ergonomic}
   size_t MinHeapDeltaBytes                        = 1048576                                   {product} {ergonomic}
    uintx NonNMethodCodeHeapSize                   = 5830732                                {pd product} {ergonomic}
    uintx NonProfiledCodeHeapSize                  = 122913754                              {pd product} {ergonomic}
    uintx ProfiledCodeHeapSize                     = 122913754                              {pd product} {ergonomic}
    uintx ReservedCodeCacheSize                    = 251658240                              {pd product} {ergonomic}
     bool SegmentedCodeCache                       = true                                      {product} {ergonomic}
     bool UseCompressedClassPointers               = true                                 {lp64_product} {ergonomic}
     bool UseCompressedOops                        = true                                 {lp64_product} {ergonomic}
     bool UseG1GC                                  = true                                      {product} {ergonomic}
     bool UseLargePagesIndividualAllocation        = false                                  {pd product} {ergonomic}

Logging:
Log output configuration:
 #0: stdout all=warning uptime,level,tags
 #1: stderr all=off uptime,level,tags

Environment Variables:
JAVA_HOME=C:\Program Files\Java\jdk-11.0.11
PATH=C:\Program Files\NVIDIA GPU Computing Toolkit\CUDA\v11.5\bin;C:\Program Files\NVIDIA GPU Computing Toolkit\CUDA\v11.5\libnvvp;C:\Program Files (x86)\VMware\VMware Workstation\bin\;C:\Program Files\Java\jdk-11.0.11\bin;C:\oraclexe\app\oracle\product\11.2.0\server\bin;C:\Program Files\Common Files\Oracle\Java\javapath;C:\WINDOWS\system32;C:\WINDOWS;C:\WINDOWS\System32\Wbem;C:\WINDOWS\System32\WindowsPowerShell\v1.0\;C:\WINDOWS\System32\OpenSSH\;C:\Users\User\Desktop\INSEA\Cours_Ingénierie_modèles\use-6.0.0\bin;C:\ProgramData\chocolatey\bin;C:\Program Files\Azure Data Studio\bin;C:\Program Files\Microsoft SQL Server\Client SDK\ODBC\170\Tools\Binn\;C:\Program Files (x86)\Microsoft SQL Server\150\Tools\Binn\;C:\Program Files\Microsoft SQL Server\150\Tools\Binn\;C:\Program Files\Microsoft SQL Server\150\DTS\Binn\;C:\Program Files (x86)\NVIDIA Corporation\PhysX\Common;C:\Program Files\Git\cmd;C:\Users\User\AppData\Local\Microsoft\WindowsApps;C:\Program Files\JetBrains\IntelliJ IDEA 2020.3.1\bin;;C:\Users\User\AppData\Local\GitHubDesktop\bin;C:\Program Files\Azure Data Studio\bin;C:\Users\User\AppData\Local\Programs\Microsoft VS Code\bin
USERNAME=User
OS=Windows_NT
PROCESSOR_IDENTIFIER=Intel64 Family 6 Model 142 Stepping 9, GenuineIntel



---------------  S Y S T E M  ---------------

OS: Windows 10 , 64 bit Build 19041 (10.0.19041.1466)
OS uptime: 5 days 7:40 hours

CPU:total 4 (initial active 4) (2 cores per cpu, 2 threads per core) family 6 model 142 stepping 9 microcode 0xb4, cmov, cx8, fxsr, mmx, sse, sse2, sse3, ssse3, sse4.1, sse4.2, popcnt, avx, avx2, aes, clmul, erms, 3dnowpref, lzcnt, ht, tsc, tscinvbit, bmi1, bmi2, adx, fma

Memory: 4k page, system-wide physical 8108M (419M free)
TotalPageFile size 14108M (AvailPageFile size 0M)
current process WorkingSet (physical memory assigned to process): 368M, peak: 368M
current process commit charge ("private bytes"): 398M, peak: 398M

vm_info: OpenJDK 64-Bit Server VM (11.0.10+0-b96-7249189) for windows-amd64 JRE (11.0.10+0-b96-7249189), built on Mar 31 2021 21:44:00 by "builder" with MS VC++ 14.0 (VS2015)

END.
